<?xml version="1.0" encoding="UTF-8"?>
<!-- Generated by org.testng.reporters.JUnitReportReporter -->
<testsuite skipped="0" hostname="CB2012R2AUSE005" name="Logi.SequenceComplianceDetailReport.Validate_SequenceComplianceDetail_UI_Functionality_AllLOB" tests="87" failures="0" timestamp="11 Jan 2018 23:23:25 GMT" time="107.627" errors="1">
  <testcase name="Validation_SequenceComplianceSummaryReport_UI_Functionality_AllLOB" time="0.000" classname="Logi.SequenceComplianceDetailReport.Validate_SequenceComplianceDetail_UI_Functionality_AllLOB"/>
  <testcase name="Validation_SequenceComplianceSummaryReport_UI_Functionality_AllLOB" time="0.000" classname="Logi.SequenceComplianceDetailReport.Validate_SequenceComplianceDetail_UI_Functionality_AllLOB"/>
  <testcase name="Validation_SequenceComplianceSummaryReport_UI_Functionality_AllLOB" time="0.000" classname="Logi.SequenceComplianceDetailReport.Validate_SequenceComplianceDetail_UI_Functionality_AllLOB"/>
  <testcase name="Validation_SequenceComplianceSummaryReport_UI_Functionality_AllLOB" time="0.000" classname="Logi.SequenceComplianceDetailReport.Validate_SequenceComplianceDetail_UI_Functionality_AllLOB"/>
  <testcase name="Validation_SequenceComplianceSummaryReport_UI_Functionality_AllLOB" time="0.000" classname="Logi.SequenceComplianceDetailReport.Validate_SequenceComplianceDetail_UI_Functionality_AllLOB"/>
  <testcase name="Validation_SequenceComplianceSummaryReport_UI_Functionality_AllLOB" time="0.000" classname="Logi.SequenceComplianceDetailReport.Validate_SequenceComplianceDetail_UI_Functionality_AllLOB"/>
  <testcase name="Validation_SequenceComplianceSummaryReport_UI_Functionality_AllLOB" time="0.000" classname="Logi.SequenceComplianceDetailReport.Validate_SequenceComplianceDetail_UI_Functionality_AllLOB"/>
  <testcase name="Validation_SequenceComplianceSummaryReport_UI_Functionality_AllLOB" time="0.000" classname="Logi.SequenceComplianceDetailReport.Validate_SequenceComplianceDetail_UI_Functionality_AllLOB"/>
  <testcase name="Validation_SequenceComplianceSummaryReport_UI_Functionality_AllLOB" time="0.000" classname="Logi.SequenceComplianceDetailReport.Validate_SequenceComplianceDetail_UI_Functionality_AllLOB"/>
  <testcase name="Validation_SequenceComplianceSummaryReport_UI_Functionality_AllLOB" time="0.001" classname="Logi.SequenceComplianceDetailReport.Validate_SequenceComplianceDetail_UI_Functionality_AllLOB"/>
  <testcase name="Validation_SequenceComplianceSummaryReport_UI_Functionality_AllLOB" time="0.000" classname="Logi.SequenceComplianceDetailReport.Validate_SequenceComplianceDetail_UI_Functionality_AllLOB"/>
  <testcase name="Validation_SequenceComplianceSummaryReport_UI_Functionality_AllLOB" time="0.000" classname="Logi.SequenceComplianceDetailReport.Validate_SequenceComplianceDetail_UI_Functionality_AllLOB"/>
  <testcase name="Validation_SequenceComplianceSummaryReport_UI_Functionality_AllLOB" time="0.000" classname="Logi.SequenceComplianceDetailReport.Validate_SequenceComplianceDetail_UI_Functionality_AllLOB"/>
  <testcase name="Validation_SequenceComplianceSummaryReport_UI_Functionality_AllLOB" time="0.000" classname="Logi.SequenceComplianceDetailReport.Validate_SequenceComplianceDetail_UI_Functionality_AllLOB"/>
  <testcase name="Validation_SequenceComplianceSummaryReport_UI_Functionality_AllLOB" time="0.000" classname="Logi.SequenceComplianceDetailReport.Validate_SequenceComplianceDetail_UI_Functionality_AllLOB"/>
  <testcase name="Validation_SequenceComplianceSummaryReport_UI_Functionality_AllLOB" time="0.000" classname="Logi.SequenceComplianceDetailReport.Validate_SequenceComplianceDetail_UI_Functionality_AllLOB"/>
  <testcase name="Validation_SequenceComplianceSummaryReport_UI_Functionality_AllLOB" time="0.000" classname="Logi.SequenceComplianceDetailReport.Validate_SequenceComplianceDetail_UI_Functionality_AllLOB"/>
  <testcase name="Validation_SequenceComplianceSummaryReport_UI_Functionality_AllLOB" time="0.000" classname="Logi.SequenceComplianceDetailReport.Validate_SequenceComplianceDetail_UI_Functionality_AllLOB"/>
  <testcase name="Validation_SequenceComplianceSummaryReport_UI_Functionality_AllLOB" time="0.000" classname="Logi.SequenceComplianceDetailReport.Validate_SequenceComplianceDetail_UI_Functionality_AllLOB"/>
  <testcase name="Validation_SequenceComplianceSummaryReport_UI_Functionality_AllLOB" time="0.001" classname="Logi.SequenceComplianceDetailReport.Validate_SequenceComplianceDetail_UI_Functionality_AllLOB"/>
  <testcase name="Validation_SequenceComplianceSummaryReport_UI_Functionality_AllLOB" time="0.000" classname="Logi.SequenceComplianceDetailReport.Validate_SequenceComplianceDetail_UI_Functionality_AllLOB"/>
  <testcase name="Validation_SequenceComplianceSummaryReport_UI_Functionality_AllLOB" time="0.000" classname="Logi.SequenceComplianceDetailReport.Validate_SequenceComplianceDetail_UI_Functionality_AllLOB"/>
  <testcase name="Validation_SequenceComplianceSummaryReport_UI_Functionality_AllLOB" time="0.000" classname="Logi.SequenceComplianceDetailReport.Validate_SequenceComplianceDetail_UI_Functionality_AllLOB"/>
  <testcase name="Validation_SequenceComplianceSummaryReport_UI_Functionality_AllLOB" time="0.000" classname="Logi.SequenceComplianceDetailReport.Validate_SequenceComplianceDetail_UI_Functionality_AllLOB"/>
  <testcase name="Validation_SequenceComplianceSummaryReport_UI_Functionality_AllLOB" time="0.000" classname="Logi.SequenceComplianceDetailReport.Validate_SequenceComplianceDetail_UI_Functionality_AllLOB"/>
  <testcase name="Validation_SequenceComplianceSummaryReport_UI_Functionality_AllLOB" time="0.000" classname="Logi.SequenceComplianceDetailReport.Validate_SequenceComplianceDetail_UI_Functionality_AllLOB"/>
  <testcase name="Validation_SequenceComplianceSummaryReport_UI_Functionality_AllLOB" time="0.000" classname="Logi.SequenceComplianceDetailReport.Validate_SequenceComplianceDetail_UI_Functionality_AllLOB"/>
  <testcase name="Validation_SequenceComplianceSummaryReport_UI_Functionality_AllLOB" time="0.000" classname="Logi.SequenceComplianceDetailReport.Validate_SequenceComplianceDetail_UI_Functionality_AllLOB"/>
  <testcase name="Validation_SequenceComplianceSummaryReport_UI_Functionality_AllLOB" time="0.000" classname="Logi.SequenceComplianceDetailReport.Validate_SequenceComplianceDetail_UI_Functionality_AllLOB"/>
  <testcase name="Validation_SequenceComplianceSummaryReport_UI_Functionality_AllLOB" time="0.000" classname="Logi.SequenceComplianceDetailReport.Validate_SequenceComplianceDetail_UI_Functionality_AllLOB"/>
  <testcase name="Validation_SequenceComplianceSummaryReport_UI_Functionality_AllLOB" time="0.002" classname="Logi.SequenceComplianceDetailReport.Validate_SequenceComplianceDetail_UI_Functionality_AllLOB"/>
  <testcase name="Validation_SequenceComplianceSummaryReport_UI_Functionality_AllLOB" time="0.000" classname="Logi.SequenceComplianceDetailReport.Validate_SequenceComplianceDetail_UI_Functionality_AllLOB"/>
  <testcase name="Validation_SequenceComplianceSummaryReport_UI_Functionality_AllLOB" time="0.000" classname="Logi.SequenceComplianceDetailReport.Validate_SequenceComplianceDetail_UI_Functionality_AllLOB"/>
  <testcase name="Validation_SequenceComplianceSummaryReport_UI_Functionality_AllLOB" time="0.000" classname="Logi.SequenceComplianceDetailReport.Validate_SequenceComplianceDetail_UI_Functionality_AllLOB"/>
  <testcase name="Validation_SequenceComplianceSummaryReport_UI_Functionality_AllLOB" time="107.571" classname="Logi.SequenceComplianceDetailReport.Validate_SequenceComplianceDetail_UI_Functionality_AllLOB">
    <error type="org.openqa.selenium.WebDriverException" message="unknown error: unable to discover open pages
  (Driver info: chromedriver=2.33.506120 (e3e53437346286c0bc2d2dc9aa4915ba81d9023f),platform=Windows NT 6.3.9600 x86_64) (WARNING: The server did not provide any stacktrace information)
Command duration or timeout: 94.57 seconds
Build info: version: &#039;3.7.1&#039;, revision: &#039;8a0099a&#039;, time: &#039;2017-11-06T21:01:39.354Z&#039;
System info: host: &#039;CB2012R2AUSE005&#039;, ip: &#039;10.221.80.203&#039;, os.name: &#039;Windows Server 2012 R2&#039;, os.arch: &#039;amd64&#039;, os.version: &#039;6.3&#039;, java.version: &#039;1.8.0_121&#039;
Driver info: driver.version: ChromeDriver">
      <![CDATA[org.openqa.selenium.WebDriverException: unknown error: unable to discover open pages
  (Driver info: chromedriver=2.33.506120 (e3e53437346286c0bc2d2dc9aa4915ba81d9023f),platform=Windows NT 6.3.9600 x86_64) (WARNING: The server did not provide any stacktrace information)
Command duration or timeout: 94.57 seconds
Build info: version: '3.7.1', revision: '8a0099a', time: '2017-11-06T21:01:39.354Z'
System info: host: 'CB2012R2AUSE005', ip: '10.221.80.203', os.name: 'Windows Server 2012 R2', os.arch: 'amd64', os.version: '6.3', java.version: '1.8.0_121'
Driver info: driver.version: ChromeDriver
	at sun.reflect.NativeConstructorAccessorImpl.newInstance0(Native Method)
	at sun.reflect.NativeConstructorAccessorImpl.newInstance(NativeConstructorAccessorImpl.java:62)
	at sun.reflect.DelegatingConstructorAccessorImpl.newInstance(DelegatingConstructorAccessorImpl.java:45)
	at java.lang.reflect.Constructor.newInstance(Constructor.java:423)
	at org.openqa.selenium.remote.ErrorHandler.createThrowable(ErrorHandler.java:214)
	at org.openqa.selenium.remote.ErrorHandler.throwIfResponseFailed(ErrorHandler.java:166)
	at org.openqa.selenium.remote.JsonWireProtocolResponse.lambda$new$0(JsonWireProtocolResponse.java:53)
	at org.openqa.selenium.remote.JsonWireProtocolResponse.lambda$getResponseFunction$2(JsonWireProtocolResponse.java:91)
	at org.openqa.selenium.remote.ProtocolHandshake.lambda$createSession$0(ProtocolHandshake.java:123)
	at java.util.stream.ReferencePipeline$3$1.accept(ReferencePipeline.java:193)
	at java.util.Spliterators$ArraySpliterator.tryAdvance(Spliterators.java:958)
	at java.util.stream.ReferencePipeline.forEachWithCancel(ReferencePipeline.java:126)
	at java.util.stream.AbstractPipeline.copyIntoWithCancel(AbstractPipeline.java:498)
	at java.util.stream.AbstractPipeline.copyInto(AbstractPipeline.java:485)
	at java.util.stream.AbstractPipeline.wrapAndCopyInto(AbstractPipeline.java:471)
	at java.util.stream.FindOps$FindOp.evaluateSequential(FindOps.java:152)
	at java.util.stream.AbstractPipeline.evaluate(AbstractPipeline.java:234)
	at java.util.stream.ReferencePipeline.findFirst(ReferencePipeline.java:464)
	at org.openqa.selenium.remote.ProtocolHandshake.createSession(ProtocolHandshake.java:126)
	at org.openqa.selenium.remote.ProtocolHandshake.createSession(ProtocolHandshake.java:73)
	at org.openqa.selenium.remote.HttpCommandExecutor.execute(HttpCommandExecutor.java:142)
	at org.openqa.selenium.remote.service.DriverCommandExecutor.execute(DriverCommandExecutor.java:83)
	at org.openqa.selenium.remote.RemoteWebDriver.execute(RemoteWebDriver.java:600)
	at org.openqa.selenium.remote.RemoteWebDriver.startSession(RemoteWebDriver.java:219)
	at org.openqa.selenium.remote.RemoteWebDriver.<init>(RemoteWebDriver.java:142)
	at org.openqa.selenium.chrome.ChromeDriver.<init>(ChromeDriver.java:181)
	at org.openqa.selenium.chrome.ChromeDriver.<init>(ChromeDriver.java:147)
	at Driver.BrowserOpen.StartBrowser(BrowserOpen.java:51)
	at Logi.SequenceComplianceDetailReport.Validate_SequenceComplianceDetail_UI_Functionality_AllLOB.Validation_SequenceComplianceSummaryReport_UI_Functionality_AllLOB(Validate_SequenceComplianceDetail_UI_Functionality_AllLOB.java:44)
	at sun.reflect.GeneratedMethodAccessor93.invoke(Unknown Source)
	at sun.reflect.DelegatingMethodAccessorImpl.invoke(DelegatingMethodAccessorImpl.java:43)
	at java.lang.reflect.Method.invoke(Method.java:498)
	at org.testng.internal.MethodInvocationHelper.invokeMethod(MethodInvocationHelper.java:108)
	at org.testng.internal.Invoker.invokeMethod(Invoker.java:661)
	at org.testng.internal.Invoker.invokeTestMethod(Invoker.java:869)
	at org.testng.internal.Invoker.invokeTestMethods(Invoker.java:1193)
	at org.testng.internal.TestMethodWorker.invokeTestMethods(TestMethodWorker.java:126)
	at org.testng.internal.TestMethodWorker.run(TestMethodWorker.java:109)
	at org.testng.TestRunner.privateRun(TestRunner.java:744)
	at org.testng.TestRunner.run(TestRunner.java:602)
	at org.testng.SuiteRunner.runTest(SuiteRunner.java:380)
	at org.testng.SuiteRunner.runSequentially(SuiteRunner.java:375)
	at org.testng.SuiteRunner.privateRun(SuiteRunner.java:340)
	at org.testng.SuiteRunner.run(SuiteRunner.java:289)
	at org.testng.SuiteRunnerWorker.runSuite(SuiteRunnerWorker.java:52)
	at org.testng.SuiteRunnerWorker.run(SuiteRunnerWorker.java:86)
	at org.testng.TestNG.runSuitesSequentially(TestNG.java:1301)
	at org.testng.TestNG.runSuitesLocally(TestNG.java:1226)
	at org.testng.TestNG.runSuites(TestNG.java:1144)
	at org.testng.TestNG.run(TestNG.java:1115)
	at org.testng.remote.AbstractRemoteTestNG.run(AbstractRemoteTestNG.java:132)
	at org.testng.remote.RemoteTestNG.initAndRun(RemoteTestNG.java:230)
	at org.testng.remote.RemoteTestNG.main(RemoteTestNG.java:76)
]]>
    </error>
  </testcase> <!-- Validation_SequenceComplianceSummaryReport_UI_Functionality_AllLOB -->
  <testcase name="Validation_SequenceComplianceSummaryReport_UI_Functionality_AllLOB" time="0.000" classname="Logi.SequenceComplianceDetailReport.Validate_SequenceComplianceDetail_UI_Functionality_AllLOB"/>
  <testcase name="Validation_SequenceComplianceSummaryReport_UI_Functionality_AllLOB" time="0.000" classname="Logi.SequenceComplianceDetailReport.Validate_SequenceComplianceDetail_UI_Functionality_AllLOB"/>
  <testcase name="Validation_SequenceComplianceSummaryReport_UI_Functionality_AllLOB" time="0.000" classname="Logi.SequenceComplianceDetailReport.Validate_SequenceComplianceDetail_UI_Functionality_AllLOB"/>
  <testcase name="Validation_SequenceComplianceSummaryReport_UI_Functionality_AllLOB" time="0.000" classname="Logi.SequenceComplianceDetailReport.Validate_SequenceComplianceDetail_UI_Functionality_AllLOB"/>
  <testcase name="Validation_SequenceComplianceSummaryReport_UI_Functionality_AllLOB" time="0.000" classname="Logi.SequenceComplianceDetailReport.Validate_SequenceComplianceDetail_UI_Functionality_AllLOB"/>
  <testcase name="Validation_SequenceComplianceSummaryReport_UI_Functionality_AllLOB" time="0.001" classname="Logi.SequenceComplianceDetailReport.Validate_SequenceComplianceDetail_UI_Functionality_AllLOB"/>
  <testcase name="Validation_SequenceComplianceSummaryReport_UI_Functionality_AllLOB" time="0.000" classname="Logi.SequenceComplianceDetailReport.Validate_SequenceComplianceDetail_UI_Functionality_AllLOB"/>
  <testcase name="Validation_SequenceComplianceSummaryReport_UI_Functionality_AllLOB" time="0.000" classname="Logi.SequenceComplianceDetailReport.Validate_SequenceComplianceDetail_UI_Functionality_AllLOB"/>
  <testcase name="Validation_SequenceComplianceSummaryReport_UI_Functionality_AllLOB" time="0.000" classname="Logi.SequenceComplianceDetailReport.Validate_SequenceComplianceDetail_UI_Functionality_AllLOB"/>
  <testcase name="Validation_SequenceComplianceSummaryReport_UI_Functionality_AllLOB" time="0.000" classname="Logi.SequenceComplianceDetailReport.Validate_SequenceComplianceDetail_UI_Functionality_AllLOB"/>
  <testcase name="Validation_SequenceComplianceSummaryReport_UI_Functionality_AllLOB" time="0.000" classname="Logi.SequenceComplianceDetailReport.Validate_SequenceComplianceDetail_UI_Functionality_AllLOB"/>
  <testcase name="Validation_SequenceComplianceSummaryReport_UI_Functionality_AllLOB" time="0.000" classname="Logi.SequenceComplianceDetailReport.Validate_SequenceComplianceDetail_UI_Functionality_AllLOB"/>
  <testcase name="Validation_SequenceComplianceSummaryReport_UI_Functionality_AllLOB" time="0.000" classname="Logi.SequenceComplianceDetailReport.Validate_SequenceComplianceDetail_UI_Functionality_AllLOB"/>
  <testcase name="Validation_SequenceComplianceSummaryReport_UI_Functionality_AllLOB" time="0.000" classname="Logi.SequenceComplianceDetailReport.Validate_SequenceComplianceDetail_UI_Functionality_AllLOB"/>
  <testcase name="Validation_SequenceComplianceSummaryReport_UI_Functionality_AllLOB" time="0.000" classname="Logi.SequenceComplianceDetailReport.Validate_SequenceComplianceDetail_UI_Functionality_AllLOB"/>
  <testcase name="Validation_SequenceComplianceSummaryReport_UI_Functionality_AllLOB" time="0.000" classname="Logi.SequenceComplianceDetailReport.Validate_SequenceComplianceDetail_UI_Functionality_AllLOB"/>
  <testcase name="Validation_SequenceComplianceSummaryReport_UI_Functionality_AllLOB" time="0.000" classname="Logi.SequenceComplianceDetailReport.Validate_SequenceComplianceDetail_UI_Functionality_AllLOB"/>
  <testcase name="Validation_SequenceComplianceSummaryReport_UI_Functionality_AllLOB" time="0.000" classname="Logi.SequenceComplianceDetailReport.Validate_SequenceComplianceDetail_UI_Functionality_AllLOB"/>
  <testcase name="Validation_SequenceComplianceSummaryReport_UI_Functionality_AllLOB" time="0.000" classname="Logi.SequenceComplianceDetailReport.Validate_SequenceComplianceDetail_UI_Functionality_AllLOB"/>
  <testcase name="Validation_SequenceComplianceSummaryReport_UI_Functionality_AllLOB" time="0.000" classname="Logi.SequenceComplianceDetailReport.Validate_SequenceComplianceDetail_UI_Functionality_AllLOB"/>
  <testcase name="Validation_SequenceComplianceSummaryReport_UI_Functionality_AllLOB" time="0.016" classname="Logi.SequenceComplianceDetailReport.Validate_SequenceComplianceDetail_UI_Functionality_AllLOB"/>
  <testcase name="Validation_SequenceComplianceSummaryReport_UI_Functionality_AllLOB" time="0.000" classname="Logi.SequenceComplianceDetailReport.Validate_SequenceComplianceDetail_UI_Functionality_AllLOB"/>
  <testcase name="Validation_SequenceComplianceSummaryReport_UI_Functionality_AllLOB" time="0.000" classname="Logi.SequenceComplianceDetailReport.Validate_SequenceComplianceDetail_UI_Functionality_AllLOB"/>
  <testcase name="Validation_SequenceComplianceSummaryReport_UI_Functionality_AllLOB" time="0.000" classname="Logi.SequenceComplianceDetailReport.Validate_SequenceComplianceDetail_UI_Functionality_AllLOB"/>
  <testcase name="Validation_SequenceComplianceSummaryReport_UI_Functionality_AllLOB" time="0.000" classname="Logi.SequenceComplianceDetailReport.Validate_SequenceComplianceDetail_UI_Functionality_AllLOB"/>
  <testcase name="Validation_SequenceComplianceSummaryReport_UI_Functionality_AllLOB" time="0.006" classname="Logi.SequenceComplianceDetailReport.Validate_SequenceComplianceDetail_UI_Functionality_AllLOB"/>
  <testcase name="Validation_SequenceComplianceSummaryReport_UI_Functionality_AllLOB" time="0.000" classname="Logi.SequenceComplianceDetailReport.Validate_SequenceComplianceDetail_UI_Functionality_AllLOB"/>
  <testcase name="Validation_SequenceComplianceSummaryReport_UI_Functionality_AllLOB" time="0.000" classname="Logi.SequenceComplianceDetailReport.Validate_SequenceComplianceDetail_UI_Functionality_AllLOB"/>
  <testcase name="Validation_SequenceComplianceSummaryReport_UI_Functionality_AllLOB" time="0.004" classname="Logi.SequenceComplianceDetailReport.Validate_SequenceComplianceDetail_UI_Functionality_AllLOB"/>
  <testcase name="Validation_SequenceComplianceSummaryReport_UI_Functionality_AllLOB" time="0.000" classname="Logi.SequenceComplianceDetailReport.Validate_SequenceComplianceDetail_UI_Functionality_AllLOB"/>
  <testcase name="Validation_SequenceComplianceSummaryReport_UI_Functionality_AllLOB" time="0.000" classname="Logi.SequenceComplianceDetailReport.Validate_SequenceComplianceDetail_UI_Functionality_AllLOB"/>
  <testcase name="Validation_SequenceComplianceSummaryReport_UI_Functionality_AllLOB" time="0.000" classname="Logi.SequenceComplianceDetailReport.Validate_SequenceComplianceDetail_UI_Functionality_AllLOB"/>
  <testcase name="Validation_SequenceComplianceSummaryReport_UI_Functionality_AllLOB" time="0.000" classname="Logi.SequenceComplianceDetailReport.Validate_SequenceComplianceDetail_UI_Functionality_AllLOB"/>
  <testcase name="Validation_SequenceComplianceSummaryReport_UI_Functionality_AllLOB" time="0.004" classname="Logi.SequenceComplianceDetailReport.Validate_SequenceComplianceDetail_UI_Functionality_AllLOB"/>
  <testcase name="Validation_SequenceComplianceSummaryReport_UI_Functionality_AllLOB" time="0.000" classname="Logi.SequenceComplianceDetailReport.Validate_SequenceComplianceDetail_UI_Functionality_AllLOB"/>
  <testcase name="Validation_SequenceComplianceSummaryReport_UI_Functionality_AllLOB" time="0.000" classname="Logi.SequenceComplianceDetailReport.Validate_SequenceComplianceDetail_UI_Functionality_AllLOB"/>
  <testcase name="Validation_SequenceComplianceSummaryReport_UI_Functionality_AllLOB" time="0.000" classname="Logi.SequenceComplianceDetailReport.Validate_SequenceComplianceDetail_UI_Functionality_AllLOB"/>
  <testcase name="Validation_SequenceComplianceSummaryReport_UI_Functionality_AllLOB" time="0.000" classname="Logi.SequenceComplianceDetailReport.Validate_SequenceComplianceDetail_UI_Functionality_AllLOB"/>
  <testcase name="Validation_SequenceComplianceSummaryReport_UI_Functionality_AllLOB" time="0.000" classname="Logi.SequenceComplianceDetailReport.Validate_SequenceComplianceDetail_UI_Functionality_AllLOB"/>
  <testcase name="Validation_SequenceComplianceSummaryReport_UI_Functionality_AllLOB" time="0.000" classname="Logi.SequenceComplianceDetailReport.Validate_SequenceComplianceDetail_UI_Functionality_AllLOB"/>
  <testcase name="Validation_SequenceComplianceSummaryReport_UI_Functionality_AllLOB" time="0.000" classname="Logi.SequenceComplianceDetailReport.Validate_SequenceComplianceDetail_UI_Functionality_AllLOB"/>
  <testcase name="Validation_SequenceComplianceSummaryReport_UI_Functionality_AllLOB" time="0.000" classname="Logi.SequenceComplianceDetailReport.Validate_SequenceComplianceDetail_UI_Functionality_AllLOB"/>
  <testcase name="Validation_SequenceComplianceSummaryReport_UI_Functionality_AllLOB" time="0.019" classname="Logi.SequenceComplianceDetailReport.Validate_SequenceComplianceDetail_UI_Functionality_AllLOB"/>
  <testcase name="Validation_SequenceComplianceSummaryReport_UI_Functionality_AllLOB" time="0.000" classname="Logi.SequenceComplianceDetailReport.Validate_SequenceComplianceDetail_UI_Functionality_AllLOB"/>
  <testcase name="Validation_SequenceComplianceSummaryReport_UI_Functionality_AllLOB" time="0.000" classname="Logi.SequenceComplianceDetailReport.Validate_SequenceComplianceDetail_UI_Functionality_AllLOB"/>
  <testcase name="Validation_SequenceComplianceSummaryReport_UI_Functionality_AllLOB" time="0.000" classname="Logi.SequenceComplianceDetailReport.Validate_SequenceComplianceDetail_UI_Functionality_AllLOB"/>
  <testcase name="Validation_SequenceComplianceSummaryReport_UI_Functionality_AllLOB" time="0.000" classname="Logi.SequenceComplianceDetailReport.Validate_SequenceComplianceDetail_UI_Functionality_AllLOB"/>
  <testcase name="Validation_SequenceComplianceSummaryReport_UI_Functionality_AllLOB" time="0.002" classname="Logi.SequenceComplianceDetailReport.Validate_SequenceComplianceDetail_UI_Functionality_AllLOB"/>
  <testcase name="Validation_SequenceComplianceSummaryReport_UI_Functionality_AllLOB" time="0.000" classname="Logi.SequenceComplianceDetailReport.Validate_SequenceComplianceDetail_UI_Functionality_AllLOB"/>
  <testcase name="Validation_SequenceComplianceSummaryReport_UI_Functionality_AllLOB" time="0.000" classname="Logi.SequenceComplianceDetailReport.Validate_SequenceComplianceDetail_UI_Functionality_AllLOB"/>
  <testcase name="Validation_SequenceComplianceSummaryReport_UI_Functionality_AllLOB" time="0.000" classname="Logi.SequenceComplianceDetailReport.Validate_SequenceComplianceDetail_UI_Functionality_AllLOB"/>
  <testcase name="Validation_SequenceComplianceSummaryReport_UI_Functionality_AllLOB" time="0.000" classname="Logi.SequenceComplianceDetailReport.Validate_SequenceComplianceDetail_UI_Functionality_AllLOB"/>
</testsuite> <!-- Logi.SequenceComplianceDetailReport.Validate_SequenceComplianceDetail_UI_Functionality_AllLOB -->
